Firebase setup

copy l'interieur de firebaseConfig dans init.js


Copy and paste these scripts into the bottom of your <body> tag, but before you use any Firebase services:
<!-- The core Firebase JS SDK is always required and must be listed first -->
<script src="https://www.gstatic.com/firebasejs/6.0.2/firebase-app.js"></script>

<!-- TODO: Add SDKs for Firebase products that you want to use
     https://firebase.google.com/docs/web/setup#config-web-app -->

<script>
  // Your web app's Firebase configuration
  var firebaseConfig = {
    apiKey: "AIzaSyBJJ8I3VBoX8nue3TGRRLVkKCTGyu2qi3w",
    authDomain: "epicerie-mai-2019.firebaseapp.com",
    databaseURL: "https://epicerie-mai-2019.firebaseio.com",
    projectId: "epicerie-mai-2019",
    storageBucket: "epicerie-mai-2019.appspot.com",
    messagingSenderId: "358081810881",
    appId: "1:358081810881:web:55b38f3a3b633dd4"
  };
  // Initialize Firebase
  firebase.initializeApp(firebaseConfig);
</script>




newuser$ npm run setup

> bento-starter@0.1.0 presetup /Users/newuser/dev/epicerie
> npm install


> fsevents@1.2.9 install /Users/newuser/dev/epicerie/node_modules/fsevents
> node install

node-pre-gyp WARN Using request for node-pre-gyp https download 
[fsevents] Success: "/Users/newuser/dev/epicerie/node_modules/fsevents/lib/binding/Release/node-v72-darwin-x64/fse.node" is installed via remote

> puppeteer@1.15.0 install /Users/newuser/dev/epicerie/node_modules/puppeteer
> node install.js

Downloading Chromium r650583 - 87.7 Mb [====================] 100% 0.0s 
Chromium downloaded to /Users/newuser/dev/epicerie/node_modules/puppeteer/.local-chromium/mac-650583

> iltorb@1.3.10 install /Users/newuser/dev/epicerie/node_modules/iltorb
> detect-libc prebuild-install || node-gyp rebuild

prebuild-install WARN install No prebuilt binaries found (target=12.2.0 runtime=node arch=x64 platform=darwin)
  CC(target) Release/obj.target/iltorb/brotli/common/dictionary.o
  CC(target) Release/obj.target/iltorb/brotli/dec/bit_reader.o
  CC(target) Release/obj.target/iltorb/brotli/dec/decode.o
  CC(target) Release/obj.target/iltorb/brotli/dec/huffman.o
  CC(target) Release/obj.target/iltorb/brotli/dec/state.o
  CC(target) Release/obj.target/iltorb/brotli/enc/backward_references.o
  CC(target) Release/obj.target/iltorb/brotli/enc/backward_references_hq.o
  CC(target) Release/obj.target/iltorb/brotli/enc/bit_cost.o
  CC(target) Release/obj.target/iltorb/brotli/enc/block_splitter.o
  CC(target) Release/obj.target/iltorb/brotli/enc/brotli_bit_stream.o
  CC(target) Release/obj.target/iltorb/brotli/enc/cluster.o
  CC(target) Release/obj.target/iltorb/brotli/enc/compress_fragment.o
  CC(target) Release/obj.target/iltorb/brotli/enc/compress_fragment_two_pass.o
  CC(target) Release/obj.target/iltorb/brotli/enc/dictionary_hash.o
  CC(target) Release/obj.target/iltorb/brotli/enc/encode.o
  CC(target) Release/obj.target/iltorb/brotli/enc/entropy_encode.o
  CC(target) Release/obj.target/iltorb/brotli/enc/histogram.o
  CC(target) Release/obj.target/iltorb/brotli/enc/literal_cost.o
  CC(target) Release/obj.target/iltorb/brotli/enc/memory.o
  CC(target) Release/obj.target/iltorb/brotli/enc/metablock.o
  CC(target) Release/obj.target/iltorb/brotli/enc/static_dict.o
  CC(target) Release/obj.target/iltorb/brotli/enc/utf8_util.o
  CXX(target) Release/obj.target/iltorb/src/common/allocator.o
  CXX(target) Release/obj.target/iltorb/src/common/stream_coder.o
  CXX(target) Release/obj.target/iltorb/src/dec/stream_decode.o
../src/dec/stream_decode.cc:14:72: error: no matching member function for call to 'ToObject'
    Local<Object> dictionary = Nan::Get(params, key).ToLocalChecked()->ToObject();
                               ~~~~~~~~~~~~~~~~~~~~~~~~~~~~~~~~~~~~~~~~^~~~~~~~
/Users/newuser/.node-gyp/12.2.0/include/node/v8.h:2532:44: note: candidate function not viable: requires single argument 'context', but no
      arguments were provided
  V8_WARN_UNUSED_RESULT MaybeLocal<Object> ToObject(
                                           ^
/Users/newuser/.node-gyp/12.2.0/include/node/v8.h:2546:35: note: candidate function not viable: requires single argument 'isolate', but no
      arguments were provided
                    Local<Object> ToObject(Isolate* isolate) const);
                                  ^
../src/dec/stream_decode.cc:40:49: error: no matching member function for call to 'ToObject'
  StreamDecode* obj = new StreamDecode(info[0]->ToObject());
                                       ~~~~~~~~~^~~~~~~~
/Users/newuser/.node-gyp/12.2.0/include/node/v8.h:2532:44: note: candidate function not viable: requires single argument 'context', but no
      arguments were provided
  V8_WARN_UNUSED_RESULT MaybeLocal<Object> ToObject(
                                           ^
/Users/newuser/.node-gyp/12.2.0/include/node/v8.h:2546:35: note: candidate function not viable: requires single argument 'isolate', but no
      arguments were provided
                    Local<Object> ToObject(Isolate* isolate) const);
                                  ^
../src/dec/stream_decode.cc:48:35: error: no matching member function for call to 'ToObject'
  Local<Object> buffer = info[0]->ToObject();
                         ~~~~~~~~~^~~~~~~~
/Users/newuser/.node-gyp/12.2.0/include/node/v8.h:2532:44: note: candidate function not viable: requires single argument 'context', but no
      arguments were provided
  V8_WARN_UNUSED_RESULT MaybeLocal<Object> ToObject(
                                           ^
/Users/newuser/.node-gyp/12.2.0/include/node/v8.h:2546:35: note: candidate function not viable: requires single argument 'isolate', but no
      arguments were provided
                    Local<Object> ToObject(Isolate* isolate) const);
                                  ^
../src/dec/stream_decode.cc:54:16: error: no matching member function for call to 'BooleanValue'
  if (info[2]->BooleanValue()) {
      ~~~~~~~~~^~~~~~~~~~~~
/Users/newuser/.node-gyp/12.2.0/include/node/v8.h:2559:8: note: candidate function not viable: requires single argument 'isolate', but no
      arguments were provided
  bool BooleanValue(Isolate* isolate) const;
       ^
/Users/newuser/.node-gyp/12.2.0/include/node/v8.h:2562:51: note: candidate function not viable: requires single argument 'context', but no
      arguments were provided
                V8_WARN_UNUSED_RESULT Maybe<bool> BooleanValue(
                                                  ^
../src/dec/stream_decode.cc:70:16: error: no matching member function for call to 'BooleanValue'
  if (info[1]->BooleanValue()) {
      ~~~~~~~~~^~~~~~~~~~~~
/Users/newuser/.node-gyp/12.2.0/include/node/v8.h:2559:8: note: candidate function not viable: requires single argument 'isolate', but no
      arguments were provided
  bool BooleanValue(Isolate* isolate) const;
       ^
/Users/newuser/.node-gyp/12.2.0/include/node/v8.h:2562:51: note: candidate function not viable: requires single argument 'context', but no
      arguments were provided
                V8_WARN_UNUSED_RESULT Maybe<bool> BooleanValue(
                                                  ^
5 errors generated.
make: *** [Release/obj.target/iltorb/src/dec/stream_decode.o] Error 1
gyp ERR! build error 
gyp ERR! stack Error: `make` failed with exit code: 2
gyp ERR! stack     at ChildProcess.onExit (/Users/newuser/.nvm/versions/node/v12.2.0/lib/node_modules/npm/node_modules/node-gyp/lib/build.js:262:23)
gyp ERR! stack     at ChildProcess.emit (events.js:196:13)
gyp ERR! stack     at Process.ChildProcess._handle.onexit (internal/child_process.js:257:12)
gyp ERR! System Darwin 18.5.0
gyp ERR! command "/Users/newuser/.nvm/versions/node/v12.2.0/bin/node" "/Users/newuser/.nvm/versions/node/v12.2.0/lib/node_modules/npm/node_modules/node-gyp/bin/node-gyp.js" "rebuild"
gyp ERR! cwd /Users/newuser/dev/epicerie/node_modules/iltorb
gyp ERR! node -v v12.2.0
gyp ERR! node-gyp -v v3.8.0
gyp ERR! not ok 

> grpc@1.20.3 install /Users/newuser/dev/epicerie/node_modules/grpc
> node-pre-gyp install --fallback-to-build --library=static_library

node-pre-gyp WARN Using request for node-pre-gyp https download 
[grpc] Success: "/Users/newuser/dev/epicerie/node_modules/grpc/src/node/extension_binary/node-v72-darwin-x64-unknown/grpc_node.node" is installed via remote

> yorkie@2.0.0 install /Users/newuser/dev/epicerie/node_modules/yorkie
> node bin/install.js

setting up Git hooks
done


> node-sass@4.12.0 install /Users/newuser/dev/epicerie/node_modules/node-sass
> node scripts/install.js

Downloading binary from https://github.com/sass/node-sass/releases/download/v4.12.0/darwin-x64-72_binding.node
Download complete  ⸩ ⠋ :
Binary saved to /Users/newuser/dev/epicerie/node_modules/node-sass/vendor/darwin-x64-72/binding.node
Caching binary to /Users/newuser/.npm/node-sass/4.12.0/darwin-x64-72_binding.node

> protobufjs@6.8.8 postinstall /Users/newuser/dev/epicerie/node_modules/protobufjs
> node scripts/postinstall


> cypress@3.2.0 postinstall /Users/newuser/dev/epicerie/node_modules/cypress
> node index.js --exec install

Installing Cypress (version: 3.2.0)

 ✔  Downloaded Cypress
 ✔  Unzipped Cypress
 ✔  Finished Installation /Users/newuser/Library/Caches/Cypress/3.2.0

You can now open Cypress by running: node_modules/.bin/cypress open

https://on.cypress.io/installing-cypress


> node-sass@4.12.0 postinstall /Users/newuser/dev/epicerie/node_modules/node-sass
> node scripts/build.js

Binary found at /Users/newuser/dev/epicerie/node_modules/node-sass/vendor/darwin-x64-72/binding.node
Testing binary
Binary is fine
npm WARN optional SKIPPING OPTIONAL DEPENDENCY: iltorb@1.3.10 (node_modules/iltorb):
npm WARN optional SKIPPING OPTIONAL DEPENDENCY: iltorb@1.3.10 install: `detect-libc prebuild-install || node-gyp rebuild`
npm WARN optional SKIPPING OPTIONAL DEPENDENCY: Exit status 1

added 2208 packages from 1150 contributors and audited 53645 packages in 361.341s
found 70 vulnerabilities (64 low, 6 high)
  run `npm audit fix` to fix them, or `npm audit` for details

> bento-starter@0.1.0 setup /Users/newuser/dev/epicerie
> node ./internals/setup.js



? Do you want to start with a new repository ? No
✔ Node version v12.2.0 OK
✔ npm version 6.9.0 OK
✔ Extraneous dependencies uninstalled
